Determining if the pthread_create exist failed with the following output:
Change Dir: /home/kevin/Desktop/Projects/C++/KTEResourcePacker/build/CMakeFiles/CMakeTmp

Run Build Command:/usr/bin/make "cmTryCompileExec1139781550/fast"
/usr/bin/make -f CMakeFiles/cmTryCompileExec1139781550.dir/build.make CMakeFiles/cmTryCompileExec1139781550.dir/build
make[1]: Entering directory `/home/kevin/Desktop/Projects/C++/KTEResourcePacker/build/CMakeFiles/CMakeTmp'
/usr/bin/cmake -E cmake_progress_report /home/kevin/Desktop/Projects/C++/KTEResourcePacker/build/CMakeFiles/CMakeTmp/CMakeFiles 1
Building C object CMakeFiles/cmTryCompileExec1139781550.dir/CheckSymbolExists.c.o
/usr/bin/cc   -Wall     -o CMakeFiles/cmTryCompileExec1139781550.dir/CheckSymbolExists.c.o   -c /home/kevin/Desktop/Projects/C++/KTEResourcePacker/build/CMakeFiles/CMakeTmp/CheckSymbolExists.c
Linking C executable cmTryCompileExec1139781550
/usr/bin/cmake -E cmake_link_script CMakeFiles/cmTryCompileExec1139781550.dir/link.txt --verbose=1
/usr/bin/cc     -Wall      CMakeFiles/cmTryCompileExec1139781550.dir/CheckSymbolExists.c.o  -o cmTryCompileExec1139781550 -rdynamic 
CMakeFiles/cmTryCompileExec1139781550.dir/CheckSymbolExists.c.o: In function `main':
CheckSymbolExists.c:(.text+0x16): undefined reference to `pthread_create'
collect2: error: ld returned 1 exit status
make[1]: *** [cmTryCompileExec1139781550] Error 1
make[1]: Leaving directory `/home/kevin/Desktop/Projects/C++/KTEResourcePacker/build/CMakeFiles/CMakeTmp'
make: *** [cmTryCompileExec1139781550/fast] Error 2

File /home/kevin/Desktop/Projects/C++/KTEResourcePacker/build/CMakeFiles/CMakeTmp/CheckSymbolExists.c:
/* */
#include <pthread.h>

int main(int argc, char** argv)
{
  (void)argv;
#ifndef pthread_create
  return ((int*)(&pthread_create))[argc];
#else
  (void)argc;
  return 0;
#endif
}

Determining if the function pthread_create exists in the pthreads failed with the following output:
Change Dir: /home/kevin/Desktop/Projects/C++/KTEResourcePacker/build/CMakeFiles/CMakeTmp

Run Build Command:/usr/bin/make "cmTryCompileExec3406643343/fast"
/usr/bin/make -f CMakeFiles/cmTryCompileExec3406643343.dir/build.make CMakeFiles/cmTryCompileExec3406643343.dir/build
make[1]: Entering directory `/home/kevin/Desktop/Projects/C++/KTEResourcePacker/build/CMakeFiles/CMakeTmp'
/usr/bin/cmake -E cmake_progress_report /home/kevin/Desktop/Projects/C++/KTEResourcePacker/build/CMakeFiles/CMakeTmp/CMakeFiles 1
Building C object CMakeFiles/cmTryCompileExec3406643343.dir/CheckFunctionExists.c.o
/usr/bin/cc   -Wall  -DCHECK_FUNCTION_EXISTS=pthread_create   -o CMakeFiles/cmTryCompileExec3406643343.dir/CheckFunctionExists.c.o   -c /usr/share/cmake-2.8/Modules/CheckFunctionExists.c
Linking C executable cmTryCompileExec3406643343
/usr/bin/cmake -E cmake_link_script CMakeFiles/cmTryCompileExec3406643343.dir/link.txt --verbose=1
/usr/bin/cc     -Wall  -DCHECK_FUNCTION_EXISTS=pthread_create    CMakeFiles/cmTryCompileExec3406643343.dir/CheckFunctionExists.c.o  -o cmTryCompileExec3406643343 -rdynamic -lpthreads 
/usr/bin/ld: cannot find -lpthreads
collect2: error: ld returned 1 exit status
make[1]: Leaving directory `/home/kevin/Desktop/Projects/C++/KTEResourcePacker/build/CMakeFiles/CMakeTmp'
make[1]: *** [cmTryCompileExec3406643343] Error 1
make: *** [cmTryCompileExec3406643343/fast] Error 2


Determining if the function glXGetProcAddressEXT exists failed with the following output:
Change Dir: /home/kevin/Desktop/Projects/C++/KTEResourcePacker/build/CMakeFiles/CMakeTmp

Run Build Command:/usr/bin/make "cmTryCompileExec2438289976/fast"
/usr/bin/make -f CMakeFiles/cmTryCompileExec2438289976.dir/build.make CMakeFiles/cmTryCompileExec2438289976.dir/build
make[1]: Entering directory `/home/kevin/Desktop/Projects/C++/KTEResourcePacker/build/CMakeFiles/CMakeTmp'
/usr/bin/cmake -E cmake_progress_report /home/kevin/Desktop/Projects/C++/KTEResourcePacker/build/CMakeFiles/CMakeTmp/CMakeFiles 1
Building C object CMakeFiles/cmTryCompileExec2438289976.dir/CheckFunctionExists.c.o
/usr/bin/cc   -Wall  -DCHECK_FUNCTION_EXISTS=glXGetProcAddressEXT   -o CMakeFiles/cmTryCompileExec2438289976.dir/CheckFunctionExists.c.o   -c /usr/share/cmake-2.8/Modules/CheckFunctionExists.c
Linking C executable cmTryCompileExec2438289976
/usr/bin/cmake -E cmake_link_script CMakeFiles/cmTryCompileExec2438289976.dir/link.txt --verbose=1
/usr/bin/cc     -Wall  -DCHECK_FUNCTION_EXISTS=glXGetProcAddressEXT    CMakeFiles/cmTryCompileExec2438289976.dir/CheckFunctionExists.c.o  -o cmTryCompileExec2438289976 -rdynamic -lGL 
CMakeFiles/cmTryCompileExec2438289976.dir/CheckFunctionExists.c.o: In function `main':
CheckFunctionExists.c:(.text+0x15): undefined reference to `glXGetProcAddressEXT'
collect2: error: ld returned 1 exit status
make[1]: *** [cmTryCompileExec2438289976] Error 1
make[1]: Leaving directory `/home/kevin/Desktop/Projects/C++/KTEResourcePacker/build/CMakeFiles/CMakeTmp'
make: *** [cmTryCompileExec2438289976/fast] Error 2


